Determining if files unistd.h exist failed with the following output:
Change Dir: C:/Users/romai/OneDrive/Documents/School/4A/TSI/TP/TSI_projet/projet_tsi/build/CMakeFiles/CMakeTmp

Run Build Command(s):C:/Program Files/Microsoft Visual Studio/2022/Community/MSBuild/Current/Bin/amd64/MSBuild.exe cmTC_411c7.vcxproj /p:Configuration=Debug /p:Platform=x64 /p:VisualStudioVersion=17.0 /v:m && Microsoft (R) Build Engine version 17.0.0+c9eb9dd64 for .NET Framework
Copyright (C) Microsoft Corporation. All rights reserved.

  Microsoft (R) C/C++ Optimizing Compiler Version 19.30.30706 for x64
  Copyright (C) Microsoft Corporation.  All rights reserved.
  HAVE_UNISTD_H.c
C:\Users\romai\OneDrive\Documents\School\4A\TSI\TP\TSI_projet\projet_tsi\build\CMakeFiles\CheckIncludeFiles\HAVE_UNISTD_H.c(2,10): fatal error C1083: Cannot open include file: 'unistd.h': No such file or directory [C:\Users\romai\OneDrive\Documents\School\4A\TSI\TP\TSI_projet\projet_tsi\build\CMakeFiles\CMakeTmp\cmTC_411c7.vcxproj]
  cl /c /Zi /W3 /WX- /diagnostics:column /Od /Ob0 /D _MBCS /D WIN32 /D _WINDOWS /D "CMAKE_INTDIR=\"Debug\"" /Gm- /RTC1 /MDd /GS /fp:precise /Zc:wchar_t /Zc:forScope /Zc:inline /Fo"cmTC_411c7.dir\Debug\\" /Fd"cmTC_411c7.dir\Debug\vc143.pdb" /external:W3 /Gd /TC /errorReport:queue C:\Users\romai\OneDrive\Documents\School\4A\TSI\TP\TSI_projet\projet_tsi\build\CMakeFiles\CheckIncludeFiles\HAVE_UNISTD_H.c


Source:
/* */
#include <unistd.h>


int main(void){return 0;}

Determining if files sys/time.h exist failed with the following output:
Change Dir: C:/Users/romai/OneDrive/Documents/School/4A/TSI/TP/TSI_projet/projet_tsi/build/CMakeFiles/CMakeTmp

Run Build Command(s):C:/Program Files/Microsoft Visual Studio/2022/Community/MSBuild/Current/Bin/amd64/MSBuild.exe cmTC_a61af.vcxproj /p:Configuration=Debug /p:Platform=x64 /p:VisualStudioVersion=17.0 /v:m && Microsoft (R) Build Engine version 17.0.0+c9eb9dd64 for .NET Framework
Copyright (C) Microsoft Corporation. All rights reserved.

  Microsoft (R) C/C++ Optimizing Compiler Version 19.30.30706 for x64
  Copyright (C) Microsoft Corporation.  All rights reserved.
  cl /c /Zi /W3 /WX- /diagnostics:column /Od /Ob0 /D _MBCS /D WIN32 /D _WINDOWS /D "CMAKE_INTDIR=\"Debug\"" /Gm- /RTC1 /MDd /GS /fp:precise /Zc:wchar_t /Zc:forScope /Zc:inline /Fo"cmTC_a61af.dir\Debug\\" /Fd"cmTC_a61af.dir\Debug\vc143.pdb" /external:W3 /Gd /TC /errorReport:queue C:\Users\romai\OneDrive\Documents\School\4A\TSI\TP\TSI_projet\projet_tsi\build\CMakeFiles\CheckIncludeFiles\HAVE_SYS_TIME_H.c
  HAVE_SYS_TIME_H.c
C:\Users\romai\OneDrive\Documents\School\4A\TSI\TP\TSI_projet\projet_tsi\build\CMakeFiles\CheckIncludeFiles\HAVE_SYS_TIME_H.c(2,10): fatal error C1083: Cannot open include file: 'sys/time.h': No such file or directory [C:\Users\romai\OneDrive\Documents\School\4A\TSI\TP\TSI_projet\projet_tsi\build\CMakeFiles\CMakeTmp\cmTC_a61af.vcxproj]


Source:
/* */
#include <sys/time.h>


int main(void){return 0;}

Determining if files sys/param.h exist failed with the following output:
Change Dir: C:/Users/romai/OneDrive/Documents/School/4A/TSI/TP/TSI_projet/projet_tsi/build/CMakeFiles/CMakeTmp

Run Build Command(s):C:/Program Files/Microsoft Visual Studio/2022/Community/MSBuild/Current/Bin/amd64/MSBuild.exe cmTC_f8bf0.vcxproj /p:Configuration=Debug /p:Platform=x64 /p:VisualStudioVersion=17.0 /v:m && Microsoft (R) Build Engine version 17.0.0+c9eb9dd64 for .NET Framework
Copyright (C) Microsoft Corporation. All rights reserved.

  Microsoft (R) C/C++ Optimizing Compiler Version 19.30.30706 for x64
  Copyright (C) Microsoft Corporation.  All rights reserved.
  HAVE_SYS_PARAM_H.c
C:\Users\romai\OneDrive\Documents\School\4A\TSI\TP\TSI_projet\projet_tsi\build\CMakeFiles\CheckIncludeFiles\HAVE_SYS_PARAM_H.c(2,10): fatal error C1083: Cannot open include file: 'sys/param.h': No such file or directory [C:\Users\romai\OneDrive\Documents\School\4A\TSI\TP\TSI_projet\projet_tsi\build\CMakeFiles\CMakeTmp\cmTC_f8bf0.vcxproj]
  cl /c /Zi /W3 /WX- /diagnostics:column /Od /Ob0 /D _MBCS /D WIN32 /D _WINDOWS /D "CMAKE_INTDIR=\"Debug\"" /Gm- /RTC1 /MDd /GS /fp:precise /Zc:wchar_t /Zc:forScope /Zc:inline /Fo"cmTC_f8bf0.dir\Debug\\" /Fd"cmTC_f8bf0.dir\Debug\vc143.pdb" /external:W3 /Gd /TC /errorReport:queue C:\Users\romai\OneDrive\Documents\School\4A\TSI\TP\TSI_projet\projet_tsi\build\CMakeFiles\CheckIncludeFiles\HAVE_SYS_PARAM_H.c


Source:
/* */
#include <sys/param.h>


int main(void){return 0;}

Determining if files sys/ioctl.h exist failed with the following output:
Change Dir: C:/Users/romai/OneDrive/Documents/School/4A/TSI/TP/TSI_projet/projet_tsi/build/CMakeFiles/CMakeTmp

Run Build Command(s):C:/Program Files/Microsoft Visual Studio/2022/Community/MSBuild/Current/Bin/amd64/MSBuild.exe cmTC_1bc02.vcxproj /p:Configuration=Debug /p:Platform=x64 /p:VisualStudioVersion=17.0 /v:m && Microsoft (R) Build Engine version 17.0.0+c9eb9dd64 for .NET Framework
Copyright (C) Microsoft Corporation. All rights reserved.

  Microsoft (R) C/C++ Optimizing Compiler Version 19.30.30706 for x64
  Copyright (C) Microsoft Corporation.  All rights reserved.
  HAVE_SYS_IOCTL_H.c
C:\Users\romai\OneDrive\Documents\School\4A\TSI\TP\TSI_projet\projet_tsi\build\CMakeFiles\CheckIncludeFiles\HAVE_SYS_IOCTL_H.c(2,10): fatal error C1083: Cannot open include file: 'sys/ioctl.h': No such file or directory [C:\Users\romai\OneDrive\Documents\School\4A\TSI\TP\TSI_projet\projet_tsi\build\CMakeFiles\CMakeTmp\cmTC_1bc02.vcxproj]
  cl /c /Zi /W3 /WX- /diagnostics:column /Od /Ob0 /D _MBCS /D WIN32 /D _WINDOWS /D "CMAKE_INTDIR=\"Debug\"" /Gm- /RTC1 /MDd /GS /fp:precise /Zc:wchar_t /Zc:forScope /Zc:inline /Fo"cmTC_1bc02.dir\Debug\\" /Fd"cmTC_1bc02.dir\Debug\vc143.pdb" /external:W3 /Gd /TC /errorReport:queue C:\Users\romai\OneDrive\Documents\School\4A\TSI\TP\TSI_projet\projet_tsi\build\CMakeFiles\CheckIncludeFiles\HAVE_SYS_IOCTL_H.c


Source:
/* */
#include <sys/ioctl.h>


int main(void){return 0;}

Determining if files usbhid.h exist failed with the following output:
Change Dir: C:/Users/romai/OneDrive/Documents/School/4A/TSI/TP/TSI_projet/projet_tsi/build/CMakeFiles/CMakeTmp

Run Build Command(s):C:/Program Files/Microsoft Visual Studio/2022/Community/MSBuild/Current/Bin/amd64/MSBuild.exe cmTC_f219f.vcxproj /p:Configuration=Debug /p:Platform=x64 /p:VisualStudioVersion=17.0 /v:m && Microsoft (R) Build Engine version 17.0.0+c9eb9dd64 for .NET Framework
Copyright (C) Microsoft Corporation. All rights reserved.

  Microsoft (R) C/C++ Optimizing Compiler Version 19.30.30706 for x64
  Copyright (C) Microsoft Corporation.  All rights reserved.
  HAVE_USBHID_H.c
C:\Users\romai\OneDrive\Documents\School\4A\TSI\TP\TSI_projet\projet_tsi\build\CMakeFiles\CheckIncludeFiles\HAVE_USBHID_H.c(2,10): fatal error C1083: Cannot open include file: 'usbhid.h': No such file or directory [C:\Users\romai\OneDrive\Documents\School\4A\TSI\TP\TSI_projet\projet_tsi\build\CMakeFiles\CMakeTmp\cmTC_f219f.vcxproj]
  cl /c /Zi /W3 /WX- /diagnostics:column /Od /Ob0 /D _MBCS /D WIN32 /D _WINDOWS /D "CMAKE_INTDIR=\"Debug\"" /Gm- /RTC1 /MDd /GS /fp:precise /Zc:wchar_t /Zc:forScope /Zc:inline /Fo"cmTC_f219f.dir\Debug\\" /Fd"cmTC_f219f.dir\Debug\vc143.pdb" /external:W3 /Gd /TC /errorReport:queue C:\Users\romai\OneDrive\Documents\School\4A\TSI\TP\TSI_projet\projet_tsi\build\CMakeFiles\CheckIncludeFiles\HAVE_USBHID_H.c


Source:
/* */
#include <usbhid.h>


int main(void){return 0;}

Determining if the function gettimeofday exists failed with the following output:
Change Dir: C:/Users/romai/OneDrive/Documents/School/4A/TSI/TP/TSI_projet/projet_tsi/build/CMakeFiles/CMakeTmp

Run Build Command(s):C:/Program Files/Microsoft Visual Studio/2022/Community/MSBuild/Current/Bin/amd64/MSBuild.exe cmTC_d8313.vcxproj /p:Configuration=Debug /p:Platform=x64 /p:VisualStudioVersion=17.0 /v:m && Microsoft (R) Build Engine version 17.0.0+c9eb9dd64 for .NET Framework
Copyright (C) Microsoft Corporation. All rights reserved.

  Microsoft (R) C/C++ Optimizing Compiler Version 19.30.30706 for x64
  Copyright (C) Microsoft Corporation.  All rights reserved.
  CheckFunctionExists.c
  cl /c /Zi /W3 /WX- /diagnostics:column /Od /Ob0 /D _MBCS /D WIN32 /D _WINDOWS /D CHECK_FUNCTION_EXISTS=gettimeofday /D "CMAKE_INTDIR=\"Debug\"" /Gm- /RTC1 /MDd /GS /fp:precise /Zc:wchar_t /Zc:forScope /Zc:inline /Fo"cmTC_d8313.dir\Debug\\" /Fd"cmTC_d8313.dir\Debug\vc143.pdb" /external:W3 /Gd /TC /errorReport:queue "C:\Program Files\CMake\share\cmake-3.22\Modules\CheckFunctionExists.c"
CheckFunctionExists.obj : error LNK2019: unresolved external symbol gettimeofday referenced in function main [C:\Users\romai\OneDrive\Documents\School\4A\TSI\TP\TSI_projet\projet_tsi\build\CMakeFiles\CMakeTmp\cmTC_d8313.vcxproj]
C:\Users\romai\OneDrive\Documents\School\4A\TSI\TP\TSI_projet\projet_tsi\build\CMakeFiles\CMakeTmp\Debug\cmTC_d8313.exe : fatal error LNK1120: 1 unresolved externals [C:\Users\romai\OneDrive\Documents\School\4A\TSI\TP\TSI_projet\projet_tsi\build\CMakeFiles\CMakeTmp\cmTC_d8313.vcxproj]



Determining if the function XParseGeometry exists failed with the following output:
Change Dir: C:/Users/romai/OneDrive/Documents/School/4A/TSI/TP/TSI_projet/projet_tsi/build/CMakeFiles/CMakeTmp

Run Build Command(s):C:/Program Files/Microsoft Visual Studio/2022/Community/MSBuild/Current/Bin/amd64/MSBuild.exe cmTC_87d16.vcxproj /p:Configuration=Debug /p:Platform=x64 /p:VisualStudioVersion=17.0 /v:m && Microsoft (R) Build Engine version 17.0.0+c9eb9dd64 for .NET Framework
Copyright (C) Microsoft Corporation. All rights reserved.

  Microsoft (R) C/C++ Optimizing Compiler Version 19.30.30706 for x64
  Copyright (C) Microsoft Corporation.  All rights reserved.
  CheckFunctionExists.c
  cl /c /Zi /W3 /WX- /diagnostics:column /Od /Ob0 /D _MBCS /D WIN32 /D _WINDOWS /D CHECK_FUNCTION_EXISTS=XParseGeometry /D "CMAKE_INTDIR=\"Debug\"" /Gm- /RTC1 /MDd /GS /fp:precise /Zc:wchar_t /Zc:forScope /Zc:inline /Fo"cmTC_87d16.dir\Debug\\" /Fd"cmTC_87d16.dir\Debug\vc143.pdb" /external:W3 /Gd /TC /errorReport:queue "C:\Program Files\CMake\share\cmake-3.22\Modules\CheckFunctionExists.c"
CheckFunctionExists.obj : error LNK2019: unresolved external symbol XParseGeometry referenced in function main [C:\Users\romai\OneDrive\Documents\School\4A\TSI\TP\TSI_projet\projet_tsi\build\CMakeFiles\CMakeTmp\cmTC_87d16.vcxproj]
C:\Users\romai\OneDrive\Documents\School\4A\TSI\TP\TSI_projet\projet_tsi\build\CMakeFiles\CMakeTmp\Debug\cmTC_87d16.exe : fatal error LNK1120: 1 unresolved externals [C:\Users\romai\OneDrive\Documents\School\4A\TSI\TP\TSI_projet\projet_tsi\build\CMakeFiles\CMakeTmp\cmTC_87d16.vcxproj]



